[debug] [2018-09-20T14:21:08.198Z] ----------------------------------------------------------------------
[debug] [2018-09-20T14:21:08.201Z] Command:       /usr/local/bin/node /usr/local/bin/firebase deploy
[debug] [2018-09-20T14:21:08.201Z] CLI Version:   4.2.1
[debug] [2018-09-20T14:21:08.201Z] Platform:      darwin
[debug] [2018-09-20T14:21:08.202Z] Node Version:  v8.11.3
[debug] [2018-09-20T14:21:08.202Z] Time:          Thu Sep 20 2018 10:21:08 GMT-0400 (EDT)
[debug] [2018-09-20T14:21:08.202Z] ----------------------------------------------------------------------
[debug] 
[debug] [2018-09-20T14:21:08.217Z] > command requires scopes: ["email","openid","https://www.googleapis.com/auth/cloudplatformprojects.readonly","https://www.googleapis.com/auth/firebase","https://www.googleapis.com/auth/cloud-platform"]
[debug] [2018-09-20T14:21:08.217Z] > authorizing via signed-in user
[debug] [2018-09-20T14:21:08.220Z] >>> HTTP REQUEST GET https://admin.firebase.com/v1/projects/luibyobm  
 
[debug] [2018-09-20T14:21:08.720Z] <<< HTTP RESPONSE 200
[info] 
[info] === Deploying to 'luibyobm'...
[info] 
[info] i  deploying database, storage, functions, hosting
[info] i  database: checking rules syntax...
[debug] [2018-09-20T14:21:11.633Z] >>> HTTP REQUEST PUT https://luibyobm.firebaseio.com/.settings/rules.json?dryRun=true  
 {
  "rules": {
    ".read": "auth == null",
    ".write": "auth == null"
  }
}

[debug] [2018-09-20T14:21:11.948Z] <<< HTTP RESPONSE 200
[info] ✔  database: rules syntax for database luibyobm is valid
[debug] [2018-09-20T14:21:11.949Z] >>> HTTP REQUEST GET https://appengine.googleapis.com/v1/apps/luibyobm  
 
[debug] [2018-09-20T14:21:12.548Z] <<< HTTP RESPONSE 200
[info] i  storage: checking storage.rules for compilation errors...
[debug] [2018-09-20T14:21:12.552Z] >>> HTTP REQUEST POST https://firebaserules.googleapis.com/v1/projects/luibyobm:test  

[debug] [2018-09-20T14:21:12.951Z] <<< HTTP RESPONSE 200
[info] ✔  storage: rules file storage.rules compiled successfully
[debug] [2018-09-20T14:21:12.953Z] > [functions] package.json contents: {
  "name": "functions",
  "description": "Cloud Functions for Firebase",
  "scripts": {
    "serve": "firebase serve --only functions",
    "shell": "firebase functions:shell",
    "start": "npm run shell",
    "deploy": "firebase deploy --only functions",
    "logs": "firebase functions:log"
  },
  "dependencies": {
    "firebase-admin": "~6.0.0",
    "firebase-functions": "^2.0.3"
  },
  "private": true
}
[info] i  functions: ensuring necessary APIs are enabled...
[debug] [2018-09-20T14:21:12.953Z] >>> HTTP REQUEST GET https://servicemanagement.googleapis.com/v1/services/cloudfunctions.googleapis.com/projectSettings/luibyobm?view=CONSUMER_VIEW  
 
[debug] [2018-09-20T14:21:12.954Z] >>> HTTP REQUEST GET https://servicemanagement.googleapis.com/v1/services/runtimeconfig.googleapis.com/projectSettings/luibyobm?view=CONSUMER_VIEW  
 
[debug] [2018-09-20T14:21:13.872Z] <<< HTTP RESPONSE 200
[debug] [2018-09-20T14:21:13.926Z] <<< HTTP RESPONSE 200
[info] ✔  functions: all necessary APIs are enabled
[debug] [2018-09-20T14:21:13.927Z] >>> HTTP REQUEST GET https://cloudresourcemanager.googleapis.com/v1/projects/luibyobm  
 
[debug] [2018-09-20T14:21:14.348Z] <<< HTTP RESPONSE 200
[debug] [2018-09-20T14:21:14.349Z] >>> HTTP REQUEST GET https://mobilesdk-pa.googleapis.com/v1/projects/376923702059:getServerAppConfig  
 
[debug] [2018-09-20T14:21:14.675Z] <<< HTTP RESPONSE 200
[debug] [2018-09-20T14:21:14.677Z] >>> HTTP REQUEST POST https://firebasehosting.googleapis.com/v1beta1/sites/luibyobm/versions  

[debug] [2018-09-20T14:21:15.915Z] <<< HTTP RESPONSE 200
[info] i  storage: uploading rules storage.rules...
[debug] [2018-09-20T14:21:15.916Z] >>> HTTP REQUEST POST https://firebaserules.googleapis.com/v1/projects/luibyobm/rulesets  

[debug] [2018-09-20T14:21:16.367Z] <<< HTTP RESPONSE 200
[debug] [2018-09-20T14:21:16.368Z] [rules] created ruleset projects/luibyobm/rulesets/2ab88509-9848-4a36-9c1a-fbbf759a97ed
[info] i  functions: preparing functions directory for uploading...
[debug] [2018-09-20T14:21:16.371Z] >>> HTTP REQUEST GET https://runtimeconfig.googleapis.com/v1beta1/projects/luibyobm/configs  
 
[debug] [2018-09-20T14:21:16.767Z] <<< HTTP RESPONSE 200
[info] i  hosting[luibyobm]: beginning deploy...
[info] i  hosting[luibyobm]: found 11 files in build
[debug] [2018-09-20T14:21:18.733Z] [hosting] hash cache [YnVpbGQ] stored for 11 files
[debug] [2018-09-20T14:21:18.733Z] [hosting][hash queue][FINAL]
[debug] [2018-09-20T14:21:18.734Z] >>> HTTP REQUEST POST https://firebasehosting.googleapis.com/v1beta1/sites/luibyobm/versions/079c01b52290fefb:populateFiles  
 <request body omitted>
[debug] [2018-09-20T14:21:19.692Z] <<< HTTP RESPONSE 200
[debug] [2018-09-20T14:21:19.697Z] [hosting][populate queue][FINAL]
[debug] [2018-09-20T14:21:19.697Z] [hosting] uploads queued: 5
